<?xml version="1.0" encoding="UTF-8"?>
<testng-results skipped="0" failed="1" total="1" passed="0">
  <reporter-output>
  </reporter-output>
  <suite name="Default suite" duration-ms="107083" started-at="2020-01-04T12:08:55Z" finished-at="2020-01-04T12:10:42Z">
    <groups>
    </groups>
    <test name="Default test" duration-ms="107083" started-at="2020-01-04T12:08:55Z" finished-at="2020-01-04T12:10:42Z">
      <class name="com.qa.tests.HomePageTest">
        <test-method status="PASS" signature="SetUpStart()[pri:0, instance:com.qa.tests.HomePageTest@6a4f787b]" name="SetUpStart" is-config="true" duration-ms="18155" started-at="2020-01-04T17:38:57Z" finished-at="2020-01-04T17:39:15Z">
          <reporter-output>
          </reporter-output>
        </test-method> <!-- SetUpStart -->
        <test-method status="FAIL" signature="RunAllTests(java.lang.String, java.lang.String, java.lang.String, java.lang.String, java.lang.String, java.lang.String, java.lang.String, java.lang.String)[pri:0, instance:com.qa.tests.HomePageTest@6a4f787b]" name="RunAllTests" duration-ms="87539" started-at="2020-01-04T17:39:15Z" data-provider="getExcelData" finished-at="2020-01-04T17:40:42Z">
          <params>
            <param index="0">
              <value is-null="true"/>
            </param>
            <param index="1">
              <value is-null="true"/>
            </param>
            <param index="2">
              <value is-null="true"/>
            </param>
            <param index="3">
              <value is-null="true"/>
            </param>
            <param index="4">
              <value is-null="true"/>
            </param>
            <param index="5">
              <value is-null="true"/>
            </param>
            <param index="6">
              <value is-null="true"/>
            </param>
            <param index="7">
              <value is-null="true"/>
            </param>
          </params>
          <exception class="java.lang.IndexOutOfBoundsException">
            <message>
              <![CDATA[Index: 1, Size: 1]]>
            </message>
            <full-stacktrace>
              <![CDATA[java.lang.IndexOutOfBoundsException: Index: 1, Size: 1
	at java.util.ArrayList.rangeCheck(ArrayList.java:653)
	at java.util.ArrayList.get(ArrayList.java:429)
	at com.qa.pages.ExternalJobsSearch.SearchJobsWithValidData(ExternalJobsSearch.java:160)
	at com.qa.tests.HomePageTest.testSenchaLogin(HomePageTest.java:41)
	at com.qa.tests.HomePageTest.RunAllTests(HomePageTest.java:78)
	at sun.reflect.NativeMethodAccessorImpl.invoke0(Native Method)
	at sun.reflect.NativeMethodAccessorImpl.invoke(NativeMethodAccessorImpl.java:62)
	at sun.reflect.DelegatingMethodAccessorImpl.invoke(DelegatingMethodAccessorImpl.java:43)
	at java.lang.reflect.Method.invoke(Method.java:498)
	at org.testng.internal.MethodInvocationHelper.invokeMethod(MethodInvocationHelper.java:80)
	at org.testng.internal.Invoker.invokeMethod(Invoker.java:714)
	at org.testng.internal.Invoker.invokeTestMethod(Invoker.java:901)
	at org.testng.internal.Invoker.invokeTestMethods(Invoker.java:1231)
	at org.testng.internal.TestMethodWorker.invokeTestMethods(TestMethodWorker.java:127)
	at org.testng.internal.TestMethodWorker.run(TestMethodWorker.java:111)
	at org.testng.TestRunner.privateRun(TestRunner.java:767)
	at org.testng.TestRunner.run(TestRunner.java:617)
	at org.testng.SuiteRunner.runTest(SuiteRunner.java:334)
	at org.testng.SuiteRunner.runSequentially(SuiteRunner.java:329)
	at org.testng.SuiteRunner.privateRun(SuiteRunner.java:291)
	at org.testng.SuiteRunner.run(SuiteRunner.java:240)
	at org.testng.SuiteRunnerWorker.runSuite(SuiteRunnerWorker.java:52)
	at org.testng.SuiteRunnerWorker.run(SuiteRunnerWorker.java:86)
	at org.testng.TestNG.runSuitesSequentially(TestNG.java:1198)
	at org.testng.TestNG.runSuitesLocally(TestNG.java:1123)
	at org.testng.TestNG.run(TestNG.java:1031)
	at org.testng.remote.AbstractRemoteTestNG.run(AbstractRemoteTestNG.java:126)
	at org.testng.remote.RemoteTestNG.initAndRun(RemoteTestNG.java:152)
	at org.testng.remote.RemoteTestNG.main(RemoteTestNG.java:57)
]]>
            </full-stacktrace>
          </exception> <!-- java.lang.IndexOutOfBoundsException -->
          <reporter-output>
          </reporter-output>
        </test-method> <!-- RunAllTests -->
        <test-method status="PASS" signature="SetUpEnd()[pri:0, instance:com.qa.tests.HomePageTest@6a4f787b]" name="SetUpEnd" is-config="true" duration-ms="3" started-at="2020-01-04T17:40:42Z" finished-at="2020-01-04T17:40:42Z">
          <reporter-output>
          </reporter-output>
        </test-method> <!-- SetUpEnd -->
      </class> <!-- com.qa.tests.HomePageTest -->
    </test> <!-- Default test -->
  </suite> <!-- Default suite -->
</testng-results>
